<?xml version="1.0" encoding="UTF-8"?>
<testsuite name="org.zerock.ex2.repository.MemoRepositoryTests" tests="1" skipped="0" failures="0" errors="0" timestamp="2024-01-11T10:12:37" hostname="ChangJunui-MacBookPro.local" time="0.36">
  <properties/>
  <testcase name="testDeleteQueryMethods()" classname="org.zerock.ex2.repository.MemoRepositoryTests" time="0.36"/>
  <system-out><![CDATA[19:12:35.477 [Test worker] INFO org.springframework.test.context.support.AnnotationConfigContextLoaderUtils -- Could not detect default configuration classes for test class [org.zerock.ex2.repository.MemoRepositoryTests]: MemoRepositoryTests does not declare any static, non-private, non-final, nested classes annotated with @Configuration.
19:12:35.523 [Test worker] INFO org.springframework.boot.test.context.SpringBootTestContextBootstrapper -- Found @SpringBootConfiguration org.zerock.ex2.Ex2Application for test class org.zerock.ex2.repository.MemoRepositoryTests

  .   ____          _            __ _ _
 /\\ / ___'_ __ _ _(_)_ __  __ _ \ \ \ \
( ( )\___ | '_ | '_| | '_ \/ _` | \ \ \ \
 \\/  ___)| |_)| | | | | || (_| |  ) ) ) )
  '  |____| .__|_| |_|_| |_\__, | / / / /
 =========|_|==============|___/=/_/_/_/
 :: Spring Boot ::                (v3.2.1)

2024-01-11T19:12:35.683+09:00  INFO 31331 --- [    Test worker] o.z.ex2.repository.MemoRepositoryTests   : Starting MemoRepositoryTests using Java 17.0.8 with PID 31331 (started by ondd in /Users/ondd/Documents/Java-WorkSpace/ex2)
2024-01-11T19:12:35.684+09:00  INFO 31331 --- [    Test worker] o.z.ex2.repository.MemoRepositoryTests   : No active profile set, falling back to 1 default profile: "default"
2024-01-11T19:12:35.945+09:00  INFO 31331 --- [    Test worker] .s.d.r.c.RepositoryConfigurationDelegate : Bootstrapping Spring Data JPA repositories in DEFAULT mode.
2024-01-11T19:12:35.969+09:00  INFO 31331 --- [    Test worker] .s.d.r.c.RepositoryConfigurationDelegate : Finished Spring Data repository scanning in 16 ms. Found 1 JPA repository interface.
2024-01-11T19:12:36.153+09:00  INFO 31331 --- [    Test worker] o.hibernate.jpa.internal.util.LogHelper  : HHH000204: Processing PersistenceUnitInfo [name: default]
2024-01-11T19:12:36.183+09:00  INFO 31331 --- [    Test worker] org.hibernate.Version                    : HHH000412: Hibernate ORM core version 6.4.1.Final
2024-01-11T19:12:36.199+09:00  INFO 31331 --- [    Test worker] o.h.c.internal.RegionFactoryInitiator    : HHH000026: Second-level cache disabled
2024-01-11T19:12:36.299+09:00  INFO 31331 --- [    Test worker] o.s.o.j.p.SpringPersistenceUnitInfo      : No LoadTimeWeaver setup: ignoring JPA class transformer
2024-01-11T19:12:36.315+09:00  INFO 31331 --- [    Test worker] com.zaxxer.hikari.HikariDataSource       : HikariPool-1 - Starting...
2024-01-11T19:12:36.361+09:00  INFO 31331 --- [    Test worker] com.zaxxer.hikari.pool.HikariPool        : HikariPool-1 - Added connection org.mariadb.jdbc.Connection@7d3bf8db
2024-01-11T19:12:36.362+09:00  INFO 31331 --- [    Test worker] com.zaxxer.hikari.HikariDataSource       : HikariPool-1 - Start completed.
2024-01-11T19:12:36.381+09:00  WARN 31331 --- [    Test worker] org.hibernate.dialect.Dialect            : HHH000511: The 8.0.30 version for [org.hibernate.dialect.MariaDBDialect] is no longer supported, hence certain features may not work properly. The minimum supported version is 10.4.0. Check the community dialects project for available legacy versions.
2024-01-11T19:12:36.740+09:00  INFO 31331 --- [    Test worker] o.h.e.t.j.p.i.JtaPlatformInitiator       : HHH000489: No JTA platform available (set 'hibernate.transaction.jta.platform' to enable JTA platform integration)
2024-01-11T19:12:36.760+09:00  INFO 31331 --- [    Test worker] j.LocalContainerEntityManagerFactoryBean : Initialized JPA EntityManagerFactory for persistence unit 'default'
2024-01-11T19:12:36.822+09:00  WARN 31331 --- [    Test worker] JpaBaseConfiguration$JpaWebConfiguration : spring.jpa.open-in-view is enabled by default. Therefore, database queries may be performed during view rendering. Explicitly configure spring.jpa.open-in-view to disable this warning
2024-01-11T19:12:37.113+09:00  INFO 31331 --- [    Test worker] o.z.ex2.repository.MemoRepositoryTests   : Started MemoRepositoryTests in 1.527 seconds (process running for 2.002)
Hibernate: 
    select
        m1_0.mno,
        m1_0.memo_text 
    from
        tbl_memo m1_0 
    where
        m1_0.mno<?
Hibernate: 
    delete 
    from
        tbl_memo 
    where
        mno=?
Hibernate: 
    delete 
    from
        tbl_memo 
    where
        mno=?
Hibernate: 
    delete 
    from
        tbl_memo 
    where
        mno=?
Hibernate: 
    delete 
    from
        tbl_memo 
    where
        mno=?
Hibernate: 
    delete 
    from
        tbl_memo 
    where
        mno=?
Hibernate: 
    delete 
    from
        tbl_memo 
    where
        mno=?
Hibernate: 
    delete 
    from
        tbl_memo 
    where
        mno=?
Hibernate: 
    delete 
    from
        tbl_memo 
    where
        mno=?
Hibernate: 
    delete 
    from
        tbl_memo 
    where
        mno=?
]]></system-out>
  <system-err><![CDATA[]]></system-err>
</testsuite>
