<?xml version="1.0" encoding="UTF-8"?>
<testsuite name="org.zerock.gestbook.service.GuestbookServiceTests" tests="1" skipped="0" failures="0" errors="0" timestamp="2024-01-16T07:21:41" hostname="ChangJunui-MacBookPro.local" time="0.374">
  <properties/>
  <testcase name="testPage_Numbers()" classname="org.zerock.gestbook.service.GuestbookServiceTests" time="0.374"/>
  <system-out><![CDATA[16:21:40.136 [Test worker] INFO org.springframework.test.context.support.AnnotationConfigContextLoaderUtils -- Could not detect default configuration classes for test class [org.zerock.gestbook.service.GuestbookServiceTests]: GuestbookServiceTests does not declare any static, non-private, non-final, nested classes annotated with @Configuration.
16:21:40.199 [Test worker] INFO org.springframework.boot.test.context.SpringBootTestContextBootstrapper -- Found @SpringBootConfiguration org.zerock.gestbook.GestbookApplication for test class org.zerock.gestbook.service.GuestbookServiceTests

  .   ____          _            __ _ _
 /\\ / ___'_ __ _ _(_)_ __  __ _ \ \ \ \
( ( )\___ | '_ | '_| | '_ \/ _` | \ \ \ \
 \\/  ___)| |_)| | | | | || (_| |  ) ) ) )
  '  |____| .__|_| |_|_| |_\__, | / / / /
 =========|_|==============|___/=/_/_/_/
 :: Spring Boot ::                (v3.2.1)

2024-01-16T16:21:40.369+09:00  INFO 11779 --- [    Test worker] o.z.g.service.GuestbookServiceTests      : Starting GuestbookServiceTests using Java 17.0.8 with PID 11779 (started by ondd in /Users/ondd/Documents/Java-WorkSpace/LeanSpring-bootWithCode/gestbook)
2024-01-16T16:21:40.370+09:00  INFO 11779 --- [    Test worker] o.z.g.service.GuestbookServiceTests      : No active profile set, falling back to 1 default profile: "default"
2024-01-16T16:21:40.660+09:00  INFO 11779 --- [    Test worker] .s.d.r.c.RepositoryConfigurationDelegate : Bootstrapping Spring Data JPA repositories in DEFAULT mode.
2024-01-16T16:21:40.686+09:00  INFO 11779 --- [    Test worker] .s.d.r.c.RepositoryConfigurationDelegate : Finished Spring Data repository scanning in 22 ms. Found 1 JPA repository interface.
2024-01-16T16:21:40.896+09:00  INFO 11779 --- [    Test worker] o.hibernate.jpa.internal.util.LogHelper  : HHH000204: Processing PersistenceUnitInfo [name: default]
2024-01-16T16:21:40.925+09:00  INFO 11779 --- [    Test worker] org.hibernate.Version                    : HHH000412: Hibernate ORM core version 6.4.1.Final
2024-01-16T16:21:40.942+09:00  INFO 11779 --- [    Test worker] o.h.c.internal.RegionFactoryInitiator    : HHH000026: Second-level cache disabled
2024-01-16T16:21:41.045+09:00  INFO 11779 --- [    Test worker] o.s.o.j.p.SpringPersistenceUnitInfo      : No LoadTimeWeaver setup: ignoring JPA class transformer
2024-01-16T16:21:41.065+09:00  INFO 11779 --- [    Test worker] com.zaxxer.hikari.HikariDataSource       : HikariPool-1 - Starting...
2024-01-16T16:21:41.105+09:00  INFO 11779 --- [    Test worker] com.zaxxer.hikari.pool.HikariPool        : HikariPool-1 - Added connection org.mariadb.jdbc.Connection@2cd3fc29
2024-01-16T16:21:41.106+09:00  INFO 11779 --- [    Test worker] com.zaxxer.hikari.HikariDataSource       : HikariPool-1 - Start completed.
2024-01-16T16:21:41.128+09:00  WARN 11779 --- [    Test worker] org.hibernate.dialect.Dialect            : HHH000511: The 8.0.30 version for [org.hibernate.dialect.MariaDBDialect] is no longer supported, hence certain features may not work properly. The minimum supported version is 10.4.0. Check the community dialects project for available legacy versions.
2024-01-16T16:21:41.507+09:00  INFO 11779 --- [    Test worker] o.h.e.t.j.p.i.JtaPlatformInitiator       : HHH000489: No JTA platform available (set 'hibernate.transaction.jta.platform' to enable JTA platform integration)
2024-01-16T16:21:41.531+09:00  INFO 11779 --- [    Test worker] j.LocalContainerEntityManagerFactoryBean : Initialized JPA EntityManagerFactory for persistence unit 'default'
2024-01-16T16:21:41.770+09:00  WARN 11779 --- [    Test worker] JpaBaseConfiguration$JpaWebConfiguration : spring.jpa.open-in-view is enabled by default. Therefore, database queries may be performed during view rendering. Explicitly configure spring.jpa.open-in-view to disable this warning
2024-01-16T16:21:41.780+09:00  INFO 11779 --- [    Test worker] o.s.b.a.w.s.WelcomePageHandlerMapping    : Adding welcome page: class path resource [static/index.html]
2024-01-16T16:21:41.961+09:00  INFO 11779 --- [    Test worker] o.z.g.service.GuestbookServiceTests      : Started GuestbookServiceTests in 1.691 seconds (process running for 2.249)
Hibernate: 
    select
        g1_0.gno,
        g1_0.content,
        g1_0.moddate,
        g1_0.regdate,
        g1_0.title,
        g1_0.writer 
    from
        guestbook g1_0 
    order by
        g1_0.gno desc 
    limit
        ?, ?
Hibernate: 
    select
        count(g1_0.gno) 
    from
        guestbook g1_0
PageResultDTO(dtoList=[GuestbookDTO(gno=301, title=Sample Title..., content=Sample content..., writer=user0, regDate=2024-01-16T15:27:13.753690, modDate=2024-01-16T15:27:13.753690), GuestbookDTO(gno=300, title=Change Title..., content=Change Content..., writer=User...300, regDate=2024-01-15T16:08:46.041736, modDate=2024-01-15T16:13:40.044982), GuestbookDTO(gno=299, title=Title...299, content=Content...299, writer=User...299, regDate=2024-01-15T16:08:46.039718, modDate=2024-01-15T16:08:46.039718), GuestbookDTO(gno=298, title=Title...298, content=Content...298, writer=User...298, regDate=2024-01-15T16:08:46.038587, modDate=2024-01-15T16:08:46.038587), GuestbookDTO(gno=297, title=Title...297, content=Content...297, writer=User...297, regDate=2024-01-15T16:08:46.037368, modDate=2024-01-15T16:08:46.037368), GuestbookDTO(gno=296, title=Title...296, content=Content...296, writer=User...296, regDate=2024-01-15T16:08:46.035054, modDate=2024-01-15T16:08:46.035054), GuestbookDTO(gno=295, title=Title...295, content=Content...295, writer=User...295, regDate=2024-01-15T16:08:46.032030, modDate=2024-01-15T16:08:46.032030), GuestbookDTO(gno=294, title=Title...294, content=Content...294, writer=User...294, regDate=2024-01-15T16:08:46.029852, modDate=2024-01-15T16:08:46.029852), GuestbookDTO(gno=293, title=Title...293, content=Content...293, writer=User...293, regDate=2024-01-15T16:08:46.028069, modDate=2024-01-15T16:08:46.028069), GuestbookDTO(gno=292, title=Title...292, content=Content...292, writer=User...292, regDate=2024-01-15T16:08:46.026384, modDate=2024-01-15T16:08:46.026384)], totalPage=31, page=1, size=10, start=1, end=10, prev=false, next=true, pageList=[1, 2, 3, 4, 5, 6, 7, 8, 9, 10])
]]></system-out>
  <system-err><![CDATA[]]></system-err>
</testsuite>
