<?xml version="1.0" encoding="UTF-8"?>
<testsuite name="org.zerock.gestbook.repository.GuestbookRepositoryTest" tests="1" skipped="0" failures="0" errors="0" timestamp="2024-01-29T11:06:22" hostname="ChangJunui-MacBookPro.local" time="0.788">
  <properties/>
  <testcase name="insertDummies()" classname="org.zerock.gestbook.repository.GuestbookRepositoryTest" time="0.788"/>
  <system-out><![CDATA[20:06:20.231 [Test worker] INFO org.springframework.test.context.support.AnnotationConfigContextLoaderUtils -- Could not detect default configuration classes for test class [org.zerock.gestbook.repository.GuestbookRepositoryTest]: GuestbookRepositoryTest does not declare any static, non-private, non-final, nested classes annotated with @Configuration.
20:06:20.281 [Test worker] INFO org.springframework.boot.test.context.SpringBootTestContextBootstrapper -- Found @SpringBootConfiguration org.zerock.gestbook.GestbookApplication for test class org.zerock.gestbook.repository.GuestbookRepositoryTest

  .   ____          _            __ _ _
 /\\ / ___'_ __ _ _(_)_ __  __ _ \ \ \ \
( ( )\___ | '_ | '_| | '_ \/ _` | \ \ \ \
 \\/  ___)| |_)| | | | | || (_| |  ) ) ) )
  '  |____| .__|_| |_|_| |_\__, | / / / /
 =========|_|==============|___/=/_/_/_/
 :: Spring Boot ::                (v3.2.1)

2024-01-29T20:06:20.455+09:00  INFO 73056 --- [    Test worker] o.z.g.r.GuestbookRepositoryTest          : Starting GuestbookRepositoryTest using Java 17.0.8 with PID 73056 (started by ondd in /Users/ondd/Documents/Java-WorkSpace/LeanSpring-bootWithCode/gestbook)
2024-01-29T20:06:20.455+09:00  INFO 73056 --- [    Test worker] o.z.g.r.GuestbookRepositoryTest          : No active profile set, falling back to 1 default profile: "default"
2024-01-29T20:06:20.747+09:00  INFO 73056 --- [    Test worker] .s.d.r.c.RepositoryConfigurationDelegate : Bootstrapping Spring Data JPA repositories in DEFAULT mode.
2024-01-29T20:06:20.775+09:00  INFO 73056 --- [    Test worker] .s.d.r.c.RepositoryConfigurationDelegate : Finished Spring Data repository scanning in 24 ms. Found 1 JPA repository interface.
2024-01-29T20:06:20.992+09:00  INFO 73056 --- [    Test worker] o.hibernate.jpa.internal.util.LogHelper  : HHH000204: Processing PersistenceUnitInfo [name: default]
2024-01-29T20:06:21.017+09:00  INFO 73056 --- [    Test worker] org.hibernate.Version                    : HHH000412: Hibernate ORM core version 6.4.1.Final
2024-01-29T20:06:21.032+09:00  INFO 73056 --- [    Test worker] o.h.c.internal.RegionFactoryInitiator    : HHH000026: Second-level cache disabled
2024-01-29T20:06:21.144+09:00  INFO 73056 --- [    Test worker] o.s.o.j.p.SpringPersistenceUnitInfo      : No LoadTimeWeaver setup: ignoring JPA class transformer
2024-01-29T20:06:21.159+09:00  INFO 73056 --- [    Test worker] com.zaxxer.hikari.HikariDataSource       : HikariPool-1 - Starting...
2024-01-29T20:06:21.202+09:00  INFO 73056 --- [    Test worker] com.zaxxer.hikari.pool.HikariPool        : HikariPool-1 - Added connection org.mariadb.jdbc.Connection@4b5ad306
2024-01-29T20:06:21.204+09:00  INFO 73056 --- [    Test worker] com.zaxxer.hikari.HikariDataSource       : HikariPool-1 - Start completed.
2024-01-29T20:06:21.223+09:00  WARN 73056 --- [    Test worker] org.hibernate.dialect.Dialect            : HHH000511: The 8.0.30 version for [org.hibernate.dialect.MariaDBDialect] is no longer supported, hence certain features may not work properly. The minimum supported version is 10.4.0. Check the community dialects project for available legacy versions.
2024-01-29T20:06:21.578+09:00  INFO 73056 --- [    Test worker] o.h.e.t.j.p.i.JtaPlatformInitiator       : HHH000489: No JTA platform available (set 'hibernate.transaction.jta.platform' to enable JTA platform integration)
2024-01-29T20:06:21.603+09:00  INFO 73056 --- [    Test worker] j.LocalContainerEntityManagerFactoryBean : Initialized JPA EntityManagerFactory for persistence unit 'default'
2024-01-29T20:06:21.839+09:00  WARN 73056 --- [    Test worker] JpaBaseConfiguration$JpaWebConfiguration : spring.jpa.open-in-view is enabled by default. Therefore, database queries may be performed during view rendering. Explicitly configure spring.jpa.open-in-view to disable this warning
2024-01-29T20:06:21.850+09:00  INFO 73056 --- [    Test worker] o.s.b.a.w.s.WelcomePageHandlerMapping    : Adding welcome page: class path resource [static/index.html]
2024-01-29T20:06:22.040+09:00  INFO 73056 --- [    Test worker] o.z.g.r.GuestbookRepositoryTest          : Started GuestbookRepositoryTest in 1.689 seconds (process running for 2.329)
Hibernate: 
    insert 
    into
        guestbook
        (content, moddate, regdate, title, writer) 
    values
        (?, ?, ?, ?, ?)
Guestbook(gno=302, title=Title...1, content=Content...1, writer=User...1)
Hibernate: 
    insert 
    into
        guestbook
        (content, moddate, regdate, title, writer) 
    values
        (?, ?, ?, ?, ?)
Guestbook(gno=303, title=Title...2, content=Content...2, writer=User...2)
Hibernate: 
    insert 
    into
        guestbook
        (content, moddate, regdate, title, writer) 
    values
        (?, ?, ?, ?, ?)
Guestbook(gno=304, title=Title...3, content=Content...3, writer=User...3)
Hibernate: 
    insert 
    into
        guestbook
        (content, moddate, regdate, title, writer) 
    values
        (?, ?, ?, ?, ?)
Guestbook(gno=305, title=Title...4, content=Content...4, writer=User...4)
Hibernate: 
    insert 
    into
        guestbook
        (content, moddate, regdate, title, writer) 
    values
        (?, ?, ?, ?, ?)
Guestbook(gno=306, title=Title...5, content=Content...5, writer=User...5)
Hibernate: 
    insert 
    into
        guestbook
        (content, moddate, regdate, title, writer) 
    values
        (?, ?, ?, ?, ?)
Guestbook(gno=307, title=Title...6, content=Content...6, writer=User...6)
Hibernate: 
    insert 
    into
        guestbook
        (content, moddate, regdate, title, writer) 
    values
        (?, ?, ?, ?, ?)
Guestbook(gno=308, title=Title...7, content=Content...7, writer=User...7)
Hibernate: 
    insert 
    into
        guestbook
        (content, moddate, regdate, title, writer) 
    values
        (?, ?, ?, ?, ?)
Guestbook(gno=309, title=Title...8, content=Content...8, writer=User...8)
Hibernate: 
    insert 
    into
        guestbook
        (content, moddate, regdate, title, writer) 
    values
        (?, ?, ?, ?, ?)
Guestbook(gno=310, title=Title...9, content=Content...9, writer=User...9)
Hibernate: 
    insert 
    into
        guestbook
        (content, moddate, regdate, title, writer) 
    values
        (?, ?, ?, ?, ?)
Guestbook(gno=311, title=Title...10, content=Content...10, writer=User...10)
Hibernate: 
    insert 
    into
        guestbook
        (content, moddate, regdate, title, writer) 
    values
        (?, ?, ?, ?, ?)
Guestbook(gno=312, title=Title...11, content=Content...11, writer=User...11)
Hibernate: 
    insert 
    into
        guestbook
        (content, moddate, regdate, title, writer) 
    values
        (?, ?, ?, ?, ?)
Guestbook(gno=313, title=Title...12, content=Content...12, writer=User...12)
Hibernate: 
    insert 
    into
        guestbook
        (content, moddate, regdate, title, writer) 
    values
        (?, ?, ?, ?, ?)
Guestbook(gno=314, title=Title...13, content=Content...13, writer=User...13)
Hibernate: 
    insert 
    into
        guestbook
        (content, moddate, regdate, title, writer) 
    values
        (?, ?, ?, ?, ?)
Guestbook(gno=315, title=Title...14, content=Content...14, writer=User...14)
Hibernate: 
    insert 
    into
        guestbook
        (content, moddate, regdate, title, writer) 
    values
        (?, ?, ?, ?, ?)
Guestbook(gno=316, title=Title...15, content=Content...15, writer=User...15)
Hibernate: 
    insert 
    into
        guestbook
        (content, moddate, regdate, title, writer) 
    values
        (?, ?, ?, ?, ?)
Guestbook(gno=317, title=Title...16, content=Content...16, writer=User...16)
Hibernate: 
    insert 
    into
        guestbook
        (content, moddate, regdate, title, writer) 
    values
        (?, ?, ?, ?, ?)
Guestbook(gno=318, title=Title...17, content=Content...17, writer=User...17)
Hibernate: 
    insert 
    into
        guestbook
        (content, moddate, regdate, title, writer) 
    values
        (?, ?, ?, ?, ?)
Guestbook(gno=319, title=Title...18, content=Content...18, writer=User...18)
Hibernate: 
    insert 
    into
        guestbook
        (content, moddate, regdate, title, writer) 
    values
        (?, ?, ?, ?, ?)
Guestbook(gno=320, title=Title...19, content=Content...19, writer=User...19)
Hibernate: 
    insert 
    into
        guestbook
        (content, moddate, regdate, title, writer) 
    values
        (?, ?, ?, ?, ?)
Guestbook(gno=321, title=Title...20, content=Content...20, writer=User...20)
Hibernate: 
    insert 
    into
        guestbook
        (content, moddate, regdate, title, writer) 
    values
        (?, ?, ?, ?, ?)
Guestbook(gno=322, title=Title...21, content=Content...21, writer=User...21)
Hibernate: 
    insert 
    into
        guestbook
        (content, moddate, regdate, title, writer) 
    values
        (?, ?, ?, ?, ?)
Guestbook(gno=323, title=Title...22, content=Content...22, writer=User...22)
Hibernate: 
    insert 
    into
        guestbook
        (content, moddate, regdate, title, writer) 
    values
        (?, ?, ?, ?, ?)
Guestbook(gno=324, title=Title...23, content=Content...23, writer=User...23)
Hibernate: 
    insert 
    into
        guestbook
        (content, moddate, regdate, title, writer) 
    values
        (?, ?, ?, ?, ?)
Guestbook(gno=325, title=Title...24, content=Content...24, writer=User...24)
Hibernate: 
    insert 
    into
        guestbook
        (content, moddate, regdate, title, writer) 
    values
        (?, ?, ?, ?, ?)
Guestbook(gno=326, title=Title...25, content=Content...25, writer=User...25)
Hibernate: 
    insert 
    into
        guestbook
        (content, moddate, regdate, title, writer) 
    values
        (?, ?, ?, ?, ?)
Guestbook(gno=327, title=Title...26, content=Content...26, writer=User...26)
Hibernate: 
    insert 
    into
        guestbook
        (content, moddate, regdate, title, writer) 
    values
        (?, ?, ?, ?, ?)
Guestbook(gno=328, title=Title...27, content=Content...27, writer=User...27)
Hibernate: 
    insert 
    into
        guestbook
        (content, moddate, regdate, title, writer) 
    values
        (?, ?, ?, ?, ?)
Guestbook(gno=329, title=Title...28, content=Content...28, writer=User...28)
Hibernate: 
    insert 
    into
        guestbook
        (content, moddate, regdate, title, writer) 
    values
        (?, ?, ?, ?, ?)
Guestbook(gno=330, title=Title...29, content=Content...29, writer=User...29)
Hibernate: 
    insert 
    into
        guestbook
        (content, moddate, regdate, title, writer) 
    values
        (?, ?, ?, ?, ?)
Guestbook(gno=331, title=Title...30, content=Content...30, writer=User...30)
Hibernate: 
    insert 
    into
        guestbook
        (content, moddate, regdate, title, writer) 
    values
        (?, ?, ?, ?, ?)
Guestbook(gno=332, title=Title...31, content=Content...31, writer=User...31)
Hibernate: 
    insert 
    into
        guestbook
        (content, moddate, regdate, title, writer) 
    values
        (?, ?, ?, ?, ?)
Guestbook(gno=333, title=Title...32, content=Content...32, writer=User...32)
Hibernate: 
    insert 
    into
        guestbook
        (content, moddate, regdate, title, writer) 
    values
        (?, ?, ?, ?, ?)
Guestbook(gno=334, title=Title...33, content=Content...33, writer=User...33)
Hibernate: 
    insert 
    into
        guestbook
        (content, moddate, regdate, title, writer) 
    values
        (?, ?, ?, ?, ?)
Guestbook(gno=335, title=Title...34, content=Content...34, writer=User...34)
Hibernate: 
    insert 
    into
        guestbook
        (content, moddate, regdate, title, writer) 
    values
        (?, ?, ?, ?, ?)
Guestbook(gno=336, title=Title...35, content=Content...35, writer=User...35)
Hibernate: 
    insert 
    into
        guestbook
        (content, moddate, regdate, title, writer) 
    values
        (?, ?, ?, ?, ?)
Guestbook(gno=337, title=Title...36, content=Content...36, writer=User...36)
Hibernate: 
    insert 
    into
        guestbook
        (content, moddate, regdate, title, writer) 
    values
        (?, ?, ?, ?, ?)
Guestbook(gno=338, title=Title...37, content=Content...37, writer=User...37)
Hibernate: 
    insert 
    into
        guestbook
        (content, moddate, regdate, title, writer) 
    values
        (?, ?, ?, ?, ?)
Guestbook(gno=339, title=Title...38, content=Content...38, writer=User...38)
Hibernate: 
    insert 
    into
        guestbook
        (content, moddate, regdate, title, writer) 
    values
        (?, ?, ?, ?, ?)
Guestbook(gno=340, title=Title...39, content=Content...39, writer=User...39)
Hibernate: 
    insert 
    into
        guestbook
        (content, moddate, regdate, title, writer) 
    values
        (?, ?, ?, ?, ?)
Guestbook(gno=341, title=Title...40, content=Content...40, writer=User...40)
Hibernate: 
    insert 
    into
        guestbook
        (content, moddate, regdate, title, writer) 
    values
        (?, ?, ?, ?, ?)
Guestbook(gno=342, title=Title...41, content=Content...41, writer=User...41)
Hibernate: 
    insert 
    into
        guestbook
        (content, moddate, regdate, title, writer) 
    values
        (?, ?, ?, ?, ?)
Guestbook(gno=343, title=Title...42, content=Content...42, writer=User...42)
Hibernate: 
    insert 
    into
        guestbook
        (content, moddate, regdate, title, writer) 
    values
        (?, ?, ?, ?, ?)
Guestbook(gno=344, title=Title...43, content=Content...43, writer=User...43)
Hibernate: 
    insert 
    into
        guestbook
        (content, moddate, regdate, title, writer) 
    values
        (?, ?, ?, ?, ?)
Guestbook(gno=345, title=Title...44, content=Content...44, writer=User...44)
Hibernate: 
    insert 
    into
        guestbook
        (content, moddate, regdate, title, writer) 
    values
        (?, ?, ?, ?, ?)
Guestbook(gno=346, title=Title...45, content=Content...45, writer=User...45)
Hibernate: 
    insert 
    into
        guestbook
        (content, moddate, regdate, title, writer) 
    values
        (?, ?, ?, ?, ?)
Guestbook(gno=347, title=Title...46, content=Content...46, writer=User...46)
Hibernate: 
    insert 
    into
        guestbook
        (content, moddate, regdate, title, writer) 
    values
        (?, ?, ?, ?, ?)
Guestbook(gno=348, title=Title...47, content=Content...47, writer=User...47)
Hibernate: 
    insert 
    into
        guestbook
        (content, moddate, regdate, title, writer) 
    values
        (?, ?, ?, ?, ?)
Guestbook(gno=349, title=Title...48, content=Content...48, writer=User...48)
Hibernate: 
    insert 
    into
        guestbook
        (content, moddate, regdate, title, writer) 
    values
        (?, ?, ?, ?, ?)
Guestbook(gno=350, title=Title...49, content=Content...49, writer=User...49)
Hibernate: 
    insert 
    into
        guestbook
        (content, moddate, regdate, title, writer) 
    values
        (?, ?, ?, ?, ?)
Guestbook(gno=351, title=Title...50, content=Content...50, writer=User...50)
Hibernate: 
    insert 
    into
        guestbook
        (content, moddate, regdate, title, writer) 
    values
        (?, ?, ?, ?, ?)
Guestbook(gno=352, title=Title...51, content=Content...51, writer=User...51)
Hibernate: 
    insert 
    into
        guestbook
        (content, moddate, regdate, title, writer) 
    values
        (?, ?, ?, ?, ?)
Guestbook(gno=353, title=Title...52, content=Content...52, writer=User...52)
Hibernate: 
    insert 
    into
        guestbook
        (content, moddate, regdate, title, writer) 
    values
        (?, ?, ?, ?, ?)
Guestbook(gno=354, title=Title...53, content=Content...53, writer=User...53)
Hibernate: 
    insert 
    into
        guestbook
        (content, moddate, regdate, title, writer) 
    values
        (?, ?, ?, ?, ?)
Guestbook(gno=355, title=Title...54, content=Content...54, writer=User...54)
Hibernate: 
    insert 
    into
        guestbook
        (content, moddate, regdate, title, writer) 
    values
        (?, ?, ?, ?, ?)
Guestbook(gno=356, title=Title...55, content=Content...55, writer=User...55)
Hibernate: 
    insert 
    into
        guestbook
        (content, moddate, regdate, title, writer) 
    values
        (?, ?, ?, ?, ?)
Guestbook(gno=357, title=Title...56, content=Content...56, writer=User...56)
Hibernate: 
    insert 
    into
        guestbook
        (content, moddate, regdate, title, writer) 
    values
        (?, ?, ?, ?, ?)
Guestbook(gno=358, title=Title...57, content=Content...57, writer=User...57)
Hibernate: 
    insert 
    into
        guestbook
        (content, moddate, regdate, title, writer) 
    values
        (?, ?, ?, ?, ?)
Guestbook(gno=359, title=Title...58, content=Content...58, writer=User...58)
Hibernate: 
    insert 
    into
        guestbook
        (content, moddate, regdate, title, writer) 
    values
        (?, ?, ?, ?, ?)
Guestbook(gno=360, title=Title...59, content=Content...59, writer=User...59)
Hibernate: 
    insert 
    into
        guestbook
        (content, moddate, regdate, title, writer) 
    values
        (?, ?, ?, ?, ?)
Guestbook(gno=361, title=Title...60, content=Content...60, writer=User...60)
Hibernate: 
    insert 
    into
        guestbook
        (content, moddate, regdate, title, writer) 
    values
        (?, ?, ?, ?, ?)
Guestbook(gno=362, title=Title...61, content=Content...61, writer=User...61)
Hibernate: 
    insert 
    into
        guestbook
        (content, moddate, regdate, title, writer) 
    values
        (?, ?, ?, ?, ?)
Guestbook(gno=363, title=Title...62, content=Content...62, writer=User...62)
Hibernate: 
    insert 
    into
        guestbook
        (content, moddate, regdate, title, writer) 
    values
        (?, ?, ?, ?, ?)
Guestbook(gno=364, title=Title...63, content=Content...63, writer=User...63)
Hibernate: 
    insert 
    into
        guestbook
        (content, moddate, regdate, title, writer) 
    values
        (?, ?, ?, ?, ?)
Guestbook(gno=365, title=Title...64, content=Content...64, writer=User...64)
Hibernate: 
    insert 
    into
        guestbook
        (content, moddate, regdate, title, writer) 
    values
        (?, ?, ?, ?, ?)
Guestbook(gno=366, title=Title...65, content=Content...65, writer=User...65)
Hibernate: 
    insert 
    into
        guestbook
        (content, moddate, regdate, title, writer) 
    values
        (?, ?, ?, ?, ?)
Guestbook(gno=367, title=Title...66, content=Content...66, writer=User...66)
Hibernate: 
    insert 
    into
        guestbook
        (content, moddate, regdate, title, writer) 
    values
        (?, ?, ?, ?, ?)
Guestbook(gno=368, title=Title...67, content=Content...67, writer=User...67)
Hibernate: 
    insert 
    into
        guestbook
        (content, moddate, regdate, title, writer) 
    values
        (?, ?, ?, ?, ?)
Guestbook(gno=369, title=Title...68, content=Content...68, writer=User...68)
Hibernate: 
    insert 
    into
        guestbook
        (content, moddate, regdate, title, writer) 
    values
        (?, ?, ?, ?, ?)
Guestbook(gno=370, title=Title...69, content=Content...69, writer=User...69)
Hibernate: 
    insert 
    into
        guestbook
        (content, moddate, regdate, title, writer) 
    values
        (?, ?, ?, ?, ?)
Guestbook(gno=371, title=Title...70, content=Content...70, writer=User...70)
Hibernate: 
    insert 
    into
        guestbook
        (content, moddate, regdate, title, writer) 
    values
        (?, ?, ?, ?, ?)
Guestbook(gno=372, title=Title...71, content=Content...71, writer=User...71)
Hibernate: 
    insert 
    into
        guestbook
        (content, moddate, regdate, title, writer) 
    values
        (?, ?, ?, ?, ?)
Guestbook(gno=373, title=Title...72, content=Content...72, writer=User...72)
Hibernate: 
    insert 
    into
        guestbook
        (content, moddate, regdate, title, writer) 
    values
        (?, ?, ?, ?, ?)
Guestbook(gno=374, title=Title...73, content=Content...73, writer=User...73)
Hibernate: 
    insert 
    into
        guestbook
        (content, moddate, regdate, title, writer) 
    values
        (?, ?, ?, ?, ?)
Guestbook(gno=375, title=Title...74, content=Content...74, writer=User...74)
Hibernate: 
    insert 
    into
        guestbook
        (content, moddate, regdate, title, writer) 
    values
        (?, ?, ?, ?, ?)
Guestbook(gno=376, title=Title...75, content=Content...75, writer=User...75)
Hibernate: 
    insert 
    into
        guestbook
        (content, moddate, regdate, title, writer) 
    values
        (?, ?, ?, ?, ?)
Guestbook(gno=377, title=Title...76, content=Content...76, writer=User...76)
Hibernate: 
    insert 
    into
        guestbook
        (content, moddate, regdate, title, writer) 
    values
        (?, ?, ?, ?, ?)
Guestbook(gno=378, title=Title...77, content=Content...77, writer=User...77)
Hibernate: 
    insert 
    into
        guestbook
        (content, moddate, regdate, title, writer) 
    values
        (?, ?, ?, ?, ?)
Guestbook(gno=379, title=Title...78, content=Content...78, writer=User...78)
Hibernate: 
    insert 
    into
        guestbook
        (content, moddate, regdate, title, writer) 
    values
        (?, ?, ?, ?, ?)
Guestbook(gno=380, title=Title...79, content=Content...79, writer=User...79)
Hibernate: 
    insert 
    into
        guestbook
        (content, moddate, regdate, title, writer) 
    values
        (?, ?, ?, ?, ?)
Guestbook(gno=381, title=Title...80, content=Content...80, writer=User...80)
Hibernate: 
    insert 
    into
        guestbook
        (content, moddate, regdate, title, writer) 
    values
        (?, ?, ?, ?, ?)
Guestbook(gno=382, title=Title...81, content=Content...81, writer=User...81)
Hibernate: 
    insert 
    into
        guestbook
        (content, moddate, regdate, title, writer) 
    values
        (?, ?, ?, ?, ?)
Guestbook(gno=383, title=Title...82, content=Content...82, writer=User...82)
Hibernate: 
    insert 
    into
        guestbook
        (content, moddate, regdate, title, writer) 
    values
        (?, ?, ?, ?, ?)
Guestbook(gno=384, title=Title...83, content=Content...83, writer=User...83)
Hibernate: 
    insert 
    into
        guestbook
        (content, moddate, regdate, title, writer) 
    values
        (?, ?, ?, ?, ?)
Guestbook(gno=385, title=Title...84, content=Content...84, writer=User...84)
Hibernate: 
    insert 
    into
        guestbook
        (content, moddate, regdate, title, writer) 
    values
        (?, ?, ?, ?, ?)
Guestbook(gno=386, title=Title...85, content=Content...85, writer=User...85)
Hibernate: 
    insert 
    into
        guestbook
        (content, moddate, regdate, title, writer) 
    values
        (?, ?, ?, ?, ?)
Guestbook(gno=387, title=Title...86, content=Content...86, writer=User...86)
Hibernate: 
    insert 
    into
        guestbook
        (content, moddate, regdate, title, writer) 
    values
        (?, ?, ?, ?, ?)
Guestbook(gno=388, title=Title...87, content=Content...87, writer=User...87)
Hibernate: 
    insert 
    into
        guestbook
        (content, moddate, regdate, title, writer) 
    values
        (?, ?, ?, ?, ?)
Guestbook(gno=389, title=Title...88, content=Content...88, writer=User...88)
Hibernate: 
    insert 
    into
        guestbook
        (content, moddate, regdate, title, writer) 
    values
        (?, ?, ?, ?, ?)
Guestbook(gno=390, title=Title...89, content=Content...89, writer=User...89)
Hibernate: 
    insert 
    into
        guestbook
        (content, moddate, regdate, title, writer) 
    values
        (?, ?, ?, ?, ?)
Guestbook(gno=391, title=Title...90, content=Content...90, writer=User...90)
Hibernate: 
    insert 
    into
        guestbook
        (content, moddate, regdate, title, writer) 
    values
        (?, ?, ?, ?, ?)
Guestbook(gno=392, title=Title...91, content=Content...91, writer=User...91)
Hibernate: 
    insert 
    into
        guestbook
        (content, moddate, regdate, title, writer) 
    values
        (?, ?, ?, ?, ?)
Guestbook(gno=393, title=Title...92, content=Content...92, writer=User...92)
Hibernate: 
    insert 
    into
        guestbook
        (content, moddate, regdate, title, writer) 
    values
        (?, ?, ?, ?, ?)
Guestbook(gno=394, title=Title...93, content=Content...93, writer=User...93)
Hibernate: 
    insert 
    into
        guestbook
        (content, moddate, regdate, title, writer) 
    values
        (?, ?, ?, ?, ?)
Guestbook(gno=395, title=Title...94, content=Content...94, writer=User...94)
Hibernate: 
    insert 
    into
        guestbook
        (content, moddate, regdate, title, writer) 
    values
        (?, ?, ?, ?, ?)
Guestbook(gno=396, title=Title...95, content=Content...95, writer=User...95)
Hibernate: 
    insert 
    into
        guestbook
        (content, moddate, regdate, title, writer) 
    values
        (?, ?, ?, ?, ?)
Guestbook(gno=397, title=Title...96, content=Content...96, writer=User...96)
Hibernate: 
    insert 
    into
        guestbook
        (content, moddate, regdate, title, writer) 
    values
        (?, ?, ?, ?, ?)
Guestbook(gno=398, title=Title...97, content=Content...97, writer=User...97)
Hibernate: 
    insert 
    into
        guestbook
        (content, moddate, regdate, title, writer) 
    values
        (?, ?, ?, ?, ?)
Guestbook(gno=399, title=Title...98, content=Content...98, writer=User...98)
Hibernate: 
    insert 
    into
        guestbook
        (content, moddate, regdate, title, writer) 
    values
        (?, ?, ?, ?, ?)
Guestbook(gno=400, title=Title...99, content=Content...99, writer=User...99)
Hibernate: 
    insert 
    into
        guestbook
        (content, moddate, regdate, title, writer) 
    values
        (?, ?, ?, ?, ?)
Guestbook(gno=401, title=Title...100, content=Content...100, writer=User...100)
Hibernate: 
    insert 
    into
        guestbook
        (content, moddate, regdate, title, writer) 
    values
        (?, ?, ?, ?, ?)
Guestbook(gno=402, title=Title...101, content=Content...101, writer=User...101)
Hibernate: 
    insert 
    into
        guestbook
        (content, moddate, regdate, title, writer) 
    values
        (?, ?, ?, ?, ?)
Guestbook(gno=403, title=Title...102, content=Content...102, writer=User...102)
Hibernate: 
    insert 
    into
        guestbook
        (content, moddate, regdate, title, writer) 
    values
        (?, ?, ?, ?, ?)
Guestbook(gno=404, title=Title...103, content=Content...103, writer=User...103)
Hibernate: 
    insert 
    into
        guestbook
        (content, moddate, regdate, title, writer) 
    values
        (?, ?, ?, ?, ?)
Guestbook(gno=405, title=Title...104, content=Content...104, writer=User...104)
Hibernate: 
    insert 
    into
        guestbook
        (content, moddate, regdate, title, writer) 
    values
        (?, ?, ?, ?, ?)
Guestbook(gno=406, title=Title...105, content=Content...105, writer=User...105)
Hibernate: 
    insert 
    into
        guestbook
        (content, moddate, regdate, title, writer) 
    values
        (?, ?, ?, ?, ?)
Guestbook(gno=407, title=Title...106, content=Content...106, writer=User...106)
Hibernate: 
    insert 
    into
        guestbook
        (content, moddate, regdate, title, writer) 
    values
        (?, ?, ?, ?, ?)
Guestbook(gno=408, title=Title...107, content=Content...107, writer=User...107)
Hibernate: 
    insert 
    into
        guestbook
        (content, moddate, regdate, title, writer) 
    values
        (?, ?, ?, ?, ?)
Guestbook(gno=409, title=Title...108, content=Content...108, writer=User...108)
Hibernate: 
    insert 
    into
        guestbook
        (content, moddate, regdate, title, writer) 
    values
        (?, ?, ?, ?, ?)
Guestbook(gno=410, title=Title...109, content=Content...109, writer=User...109)
Hibernate: 
    insert 
    into
        guestbook
        (content, moddate, regdate, title, writer) 
    values
        (?, ?, ?, ?, ?)
Guestbook(gno=411, title=Title...110, content=Content...110, writer=User...110)
Hibernate: 
    insert 
    into
        guestbook
        (content, moddate, regdate, title, writer) 
    values
        (?, ?, ?, ?, ?)
Guestbook(gno=412, title=Title...111, content=Content...111, writer=User...111)
Hibernate: 
    insert 
    into
        guestbook
        (content, moddate, regdate, title, writer) 
    values
        (?, ?, ?, ?, ?)
Guestbook(gno=413, title=Title...112, content=Content...112, writer=User...112)
Hibernate: 
    insert 
    into
        guestbook
        (content, moddate, regdate, title, writer) 
    values
        (?, ?, ?, ?, ?)
Guestbook(gno=414, title=Title...113, content=Content...113, writer=User...113)
Hibernate: 
    insert 
    into
        guestbook
        (content, moddate, regdate, title, writer) 
    values
        (?, ?, ?, ?, ?)
Guestbook(gno=415, title=Title...114, content=Content...114, writer=User...114)
Hibernate: 
    insert 
    into
        guestbook
        (content, moddate, regdate, title, writer) 
    values
        (?, ?, ?, ?, ?)
Guestbook(gno=416, title=Title...115, content=Content...115, writer=User...115)
Hibernate: 
    insert 
    into
        guestbook
        (content, moddate, regdate, title, writer) 
    values
        (?, ?, ?, ?, ?)
Guestbook(gno=417, title=Title...116, content=Content...116, writer=User...116)
Hibernate: 
    insert 
    into
        guestbook
        (content, moddate, regdate, title, writer) 
    values
        (?, ?, ?, ?, ?)
Guestbook(gno=418, title=Title...117, content=Content...117, writer=User...117)
Hibernate: 
    insert 
    into
        guestbook
        (content, moddate, regdate, title, writer) 
    values
        (?, ?, ?, ?, ?)
Guestbook(gno=419, title=Title...118, content=Content...118, writer=User...118)
Hibernate: 
    insert 
    into
        guestbook
        (content, moddate, regdate, title, writer) 
    values
        (?, ?, ?, ?, ?)
Guestbook(gno=420, title=Title...119, content=Content...119, writer=User...119)
Hibernate: 
    insert 
    into
        guestbook
        (content, moddate, regdate, title, writer) 
    values
        (?, ?, ?, ?, ?)
Guestbook(gno=421, title=Title...120, content=Content...120, writer=User...120)
Hibernate: 
    insert 
    into
        guestbook
        (content, moddate, regdate, title, writer) 
    values
        (?, ?, ?, ?, ?)
Guestbook(gno=422, title=Title...121, content=Content...121, writer=User...121)
Hibernate: 
    insert 
    into
        guestbook
        (content, moddate, regdate, title, writer) 
    values
        (?, ?, ?, ?, ?)
Guestbook(gno=423, title=Title...122, content=Content...122, writer=User...122)
Hibernate: 
    insert 
    into
        guestbook
        (content, moddate, regdate, title, writer) 
    values
        (?, ?, ?, ?, ?)
Guestbook(gno=424, title=Title...123, content=Content...123, writer=User...123)
Hibernate: 
    insert 
    into
        guestbook
        (content, moddate, regdate, title, writer) 
    values
        (?, ?, ?, ?, ?)
Guestbook(gno=425, title=Title...124, content=Content...124, writer=User...124)
Hibernate: 
    insert 
    into
        guestbook
        (content, moddate, regdate, title, writer) 
    values
        (?, ?, ?, ?, ?)
Guestbook(gno=426, title=Title...125, content=Content...125, writer=User...125)
Hibernate: 
    insert 
    into
        guestbook
        (content, moddate, regdate, title, writer) 
    values
        (?, ?, ?, ?, ?)
Guestbook(gno=427, title=Title...126, content=Content...126, writer=User...126)
Hibernate: 
    insert 
    into
        guestbook
        (content, moddate, regdate, title, writer) 
    values
        (?, ?, ?, ?, ?)
Guestbook(gno=428, title=Title...127, content=Content...127, writer=User...127)
Hibernate: 
    insert 
    into
        guestbook
        (content, moddate, regdate, title, writer) 
    values
        (?, ?, ?, ?, ?)
Guestbook(gno=429, title=Title...128, content=Content...128, writer=User...128)
Hibernate: 
    insert 
    into
        guestbook
        (content, moddate, regdate, title, writer) 
    values
        (?, ?, ?, ?, ?)
Guestbook(gno=430, title=Title...129, content=Content...129, writer=User...129)
Hibernate: 
    insert 
    into
        guestbook
        (content, moddate, regdate, title, writer) 
    values
        (?, ?, ?, ?, ?)
Guestbook(gno=431, title=Title...130, content=Content...130, writer=User...130)
Hibernate: 
    insert 
    into
        guestbook
        (content, moddate, regdate, title, writer) 
    values
        (?, ?, ?, ?, ?)
Guestbook(gno=432, title=Title...131, content=Content...131, writer=User...131)
Hibernate: 
    insert 
    into
        guestbook
        (content, moddate, regdate, title, writer) 
    values
        (?, ?, ?, ?, ?)
Guestbook(gno=433, title=Title...132, content=Content...132, writer=User...132)
Hibernate: 
    insert 
    into
        guestbook
        (content, moddate, regdate, title, writer) 
    values
        (?, ?, ?, ?, ?)
Guestbook(gno=434, title=Title...133, content=Content...133, writer=User...133)
Hibernate: 
    insert 
    into
        guestbook
        (content, moddate, regdate, title, writer) 
    values
        (?, ?, ?, ?, ?)
Guestbook(gno=435, title=Title...134, content=Content...134, writer=User...134)
Hibernate: 
    insert 
    into
        guestbook
        (content, moddate, regdate, title, writer) 
    values
        (?, ?, ?, ?, ?)
Guestbook(gno=436, title=Title...135, content=Content...135, writer=User...135)
Hibernate: 
    insert 
    into
        guestbook
        (content, moddate, regdate, title, writer) 
    values
        (?, ?, ?, ?, ?)
Guestbook(gno=437, title=Title...136, content=Content...136, writer=User...136)
Hibernate: 
    insert 
    into
        guestbook
        (content, moddate, regdate, title, writer) 
    values
        (?, ?, ?, ?, ?)
Guestbook(gno=438, title=Title...137, content=Content...137, writer=User...137)
Hibernate: 
    insert 
    into
        guestbook
        (content, moddate, regdate, title, writer) 
    values
        (?, ?, ?, ?, ?)
Guestbook(gno=439, title=Title...138, content=Content...138, writer=User...138)
Hibernate: 
    insert 
    into
        guestbook
        (content, moddate, regdate, title, writer) 
    values
        (?, ?, ?, ?, ?)
Guestbook(gno=440, title=Title...139, content=Content...139, writer=User...139)
Hibernate: 
    insert 
    into
        guestbook
        (content, moddate, regdate, title, writer) 
    values
        (?, ?, ?, ?, ?)
Guestbook(gno=441, title=Title...140, content=Content...140, writer=User...140)
Hibernate: 
    insert 
    into
        guestbook
        (content, moddate, regdate, title, writer) 
    values
        (?, ?, ?, ?, ?)
Guestbook(gno=442, title=Title...141, content=Content...141, writer=User...141)
Hibernate: 
    insert 
    into
        guestbook
        (content, moddate, regdate, title, writer) 
    values
        (?, ?, ?, ?, ?)
Guestbook(gno=443, title=Title...142, content=Content...142, writer=User...142)
Hibernate: 
    insert 
    into
        guestbook
        (content, moddate, regdate, title, writer) 
    values
        (?, ?, ?, ?, ?)
Guestbook(gno=444, title=Title...143, content=Content...143, writer=User...143)
Hibernate: 
    insert 
    into
        guestbook
        (content, moddate, regdate, title, writer) 
    values
        (?, ?, ?, ?, ?)
Guestbook(gno=445, title=Title...144, content=Content...144, writer=User...144)
Hibernate: 
    insert 
    into
        guestbook
        (content, moddate, regdate, title, writer) 
    values
        (?, ?, ?, ?, ?)
Guestbook(gno=446, title=Title...145, content=Content...145, writer=User...145)
Hibernate: 
    insert 
    into
        guestbook
        (content, moddate, regdate, title, writer) 
    values
        (?, ?, ?, ?, ?)
Guestbook(gno=447, title=Title...146, content=Content...146, writer=User...146)
Hibernate: 
    insert 
    into
        guestbook
        (content, moddate, regdate, title, writer) 
    values
        (?, ?, ?, ?, ?)
Guestbook(gno=448, title=Title...147, content=Content...147, writer=User...147)
Hibernate: 
    insert 
    into
        guestbook
        (content, moddate, regdate, title, writer) 
    values
        (?, ?, ?, ?, ?)
Guestbook(gno=449, title=Title...148, content=Content...148, writer=User...148)
Hibernate: 
    insert 
    into
        guestbook
        (content, moddate, regdate, title, writer) 
    values
        (?, ?, ?, ?, ?)
Guestbook(gno=450, title=Title...149, content=Content...149, writer=User...149)
Hibernate: 
    insert 
    into
        guestbook
        (content, moddate, regdate, title, writer) 
    values
        (?, ?, ?, ?, ?)
Guestbook(gno=451, title=Title...150, content=Content...150, writer=User...150)
Hibernate: 
    insert 
    into
        guestbook
        (content, moddate, regdate, title, writer) 
    values
        (?, ?, ?, ?, ?)
Guestbook(gno=452, title=Title...151, content=Content...151, writer=User...151)
Hibernate: 
    insert 
    into
        guestbook
        (content, moddate, regdate, title, writer) 
    values
        (?, ?, ?, ?, ?)
Guestbook(gno=453, title=Title...152, content=Content...152, writer=User...152)
Hibernate: 
    insert 
    into
        guestbook
        (content, moddate, regdate, title, writer) 
    values
        (?, ?, ?, ?, ?)
Guestbook(gno=454, title=Title...153, content=Content...153, writer=User...153)
Hibernate: 
    insert 
    into
        guestbook
        (content, moddate, regdate, title, writer) 
    values
        (?, ?, ?, ?, ?)
Guestbook(gno=455, title=Title...154, content=Content...154, writer=User...154)
Hibernate: 
    insert 
    into
        guestbook
        (content, moddate, regdate, title, writer) 
    values
        (?, ?, ?, ?, ?)
Guestbook(gno=456, title=Title...155, content=Content...155, writer=User...155)
Hibernate: 
    insert 
    into
        guestbook
        (content, moddate, regdate, title, writer) 
    values
        (?, ?, ?, ?, ?)
Guestbook(gno=457, title=Title...156, content=Content...156, writer=User...156)
Hibernate: 
    insert 
    into
        guestbook
        (content, moddate, regdate, title, writer) 
    values
        (?, ?, ?, ?, ?)
Guestbook(gno=458, title=Title...157, content=Content...157, writer=User...157)
Hibernate: 
    insert 
    into
        guestbook
        (content, moddate, regdate, title, writer) 
    values
        (?, ?, ?, ?, ?)
Guestbook(gno=459, title=Title...158, content=Content...158, writer=User...158)
Hibernate: 
    insert 
    into
        guestbook
        (content, moddate, regdate, title, writer) 
    values
        (?, ?, ?, ?, ?)
Guestbook(gno=460, title=Title...159, content=Content...159, writer=User...159)
Hibernate: 
    insert 
    into
        guestbook
        (content, moddate, regdate, title, writer) 
    values
        (?, ?, ?, ?, ?)
Guestbook(gno=461, title=Title...160, content=Content...160, writer=User...160)
Hibernate: 
    insert 
    into
        guestbook
        (content, moddate, regdate, title, writer) 
    values
        (?, ?, ?, ?, ?)
Guestbook(gno=462, title=Title...161, content=Content...161, writer=User...161)
Hibernate: 
    insert 
    into
        guestbook
        (content, moddate, regdate, title, writer) 
    values
        (?, ?, ?, ?, ?)
Guestbook(gno=463, title=Title...162, content=Content...162, writer=User...162)
Hibernate: 
    insert 
    into
        guestbook
        (content, moddate, regdate, title, writer) 
    values
        (?, ?, ?, ?, ?)
Guestbook(gno=464, title=Title...163, content=Content...163, writer=User...163)
Hibernate: 
    insert 
    into
        guestbook
        (content, moddate, regdate, title, writer) 
    values
        (?, ?, ?, ?, ?)
Guestbook(gno=465, title=Title...164, content=Content...164, writer=User...164)
Hibernate: 
    insert 
    into
        guestbook
        (content, moddate, regdate, title, writer) 
    values
        (?, ?, ?, ?, ?)
Guestbook(gno=466, title=Title...165, content=Content...165, writer=User...165)
Hibernate: 
    insert 
    into
        guestbook
        (content, moddate, regdate, title, writer) 
    values
        (?, ?, ?, ?, ?)
Guestbook(gno=467, title=Title...166, content=Content...166, writer=User...166)
Hibernate: 
    insert 
    into
        guestbook
        (content, moddate, regdate, title, writer) 
    values
        (?, ?, ?, ?, ?)
Guestbook(gno=468, title=Title...167, content=Content...167, writer=User...167)
Hibernate: 
    insert 
    into
        guestbook
        (content, moddate, regdate, title, writer) 
    values
        (?, ?, ?, ?, ?)
Guestbook(gno=469, title=Title...168, content=Content...168, writer=User...168)
Hibernate: 
    insert 
    into
        guestbook
        (content, moddate, regdate, title, writer) 
    values
        (?, ?, ?, ?, ?)
Guestbook(gno=470, title=Title...169, content=Content...169, writer=User...169)
Hibernate: 
    insert 
    into
        guestbook
        (content, moddate, regdate, title, writer) 
    values
        (?, ?, ?, ?, ?)
Guestbook(gno=471, title=Title...170, content=Content...170, writer=User...170)
Hibernate: 
    insert 
    into
        guestbook
        (content, moddate, regdate, title, writer) 
    values
        (?, ?, ?, ?, ?)
Guestbook(gno=472, title=Title...171, content=Content...171, writer=User...171)
Hibernate: 
    insert 
    into
        guestbook
        (content, moddate, regdate, title, writer) 
    values
        (?, ?, ?, ?, ?)
Guestbook(gno=473, title=Title...172, content=Content...172, writer=User...172)
Hibernate: 
    insert 
    into
        guestbook
        (content, moddate, regdate, title, writer) 
    values
        (?, ?, ?, ?, ?)
Guestbook(gno=474, title=Title...173, content=Content...173, writer=User...173)
Hibernate: 
    insert 
    into
        guestbook
        (content, moddate, regdate, title, writer) 
    values
        (?, ?, ?, ?, ?)
Guestbook(gno=475, title=Title...174, content=Content...174, writer=User...174)
Hibernate: 
    insert 
    into
        guestbook
        (content, moddate, regdate, title, writer) 
    values
        (?, ?, ?, ?, ?)
Guestbook(gno=476, title=Title...175, content=Content...175, writer=User...175)
Hibernate: 
    insert 
    into
        guestbook
        (content, moddate, regdate, title, writer) 
    values
        (?, ?, ?, ?, ?)
Guestbook(gno=477, title=Title...176, content=Content...176, writer=User...176)
Hibernate: 
    insert 
    into
        guestbook
        (content, moddate, regdate, title, writer) 
    values
        (?, ?, ?, ?, ?)
Guestbook(gno=478, title=Title...177, content=Content...177, writer=User...177)
Hibernate: 
    insert 
    into
        guestbook
        (content, moddate, regdate, title, writer) 
    values
        (?, ?, ?, ?, ?)
Guestbook(gno=479, title=Title...178, content=Content...178, writer=User...178)
Hibernate: 
    insert 
    into
        guestbook
        (content, moddate, regdate, title, writer) 
    values
        (?, ?, ?, ?, ?)
Guestbook(gno=480, title=Title...179, content=Content...179, writer=User...179)
Hibernate: 
    insert 
    into
        guestbook
        (content, moddate, regdate, title, writer) 
    values
        (?, ?, ?, ?, ?)
Guestbook(gno=481, title=Title...180, content=Content...180, writer=User...180)
Hibernate: 
    insert 
    into
        guestbook
        (content, moddate, regdate, title, writer) 
    values
        (?, ?, ?, ?, ?)
Guestbook(gno=482, title=Title...181, content=Content...181, writer=User...181)
Hibernate: 
    insert 
    into
        guestbook
        (content, moddate, regdate, title, writer) 
    values
        (?, ?, ?, ?, ?)
Guestbook(gno=483, title=Title...182, content=Content...182, writer=User...182)
Hibernate: 
    insert 
    into
        guestbook
        (content, moddate, regdate, title, writer) 
    values
        (?, ?, ?, ?, ?)
Guestbook(gno=484, title=Title...183, content=Content...183, writer=User...183)
Hibernate: 
    insert 
    into
        guestbook
        (content, moddate, regdate, title, writer) 
    values
        (?, ?, ?, ?, ?)
Guestbook(gno=485, title=Title...184, content=Content...184, writer=User...184)
Hibernate: 
    insert 
    into
        guestbook
        (content, moddate, regdate, title, writer) 
    values
        (?, ?, ?, ?, ?)
Guestbook(gno=486, title=Title...185, content=Content...185, writer=User...185)
Hibernate: 
    insert 
    into
        guestbook
        (content, moddate, regdate, title, writer) 
    values
        (?, ?, ?, ?, ?)
Guestbook(gno=487, title=Title...186, content=Content...186, writer=User...186)
Hibernate: 
    insert 
    into
        guestbook
        (content, moddate, regdate, title, writer) 
    values
        (?, ?, ?, ?, ?)
Guestbook(gno=488, title=Title...187, content=Content...187, writer=User...187)
Hibernate: 
    insert 
    into
        guestbook
        (content, moddate, regdate, title, writer) 
    values
        (?, ?, ?, ?, ?)
Guestbook(gno=489, title=Title...188, content=Content...188, writer=User...188)
Hibernate: 
    insert 
    into
        guestbook
        (content, moddate, regdate, title, writer) 
    values
        (?, ?, ?, ?, ?)
Guestbook(gno=490, title=Title...189, content=Content...189, writer=User...189)
Hibernate: 
    insert 
    into
        guestbook
        (content, moddate, regdate, title, writer) 
    values
        (?, ?, ?, ?, ?)
Guestbook(gno=491, title=Title...190, content=Content...190, writer=User...190)
Hibernate: 
    insert 
    into
        guestbook
        (content, moddate, regdate, title, writer) 
    values
        (?, ?, ?, ?, ?)
Guestbook(gno=492, title=Title...191, content=Content...191, writer=User...191)
Hibernate: 
    insert 
    into
        guestbook
        (content, moddate, regdate, title, writer) 
    values
        (?, ?, ?, ?, ?)
Guestbook(gno=493, title=Title...192, content=Content...192, writer=User...192)
Hibernate: 
    insert 
    into
        guestbook
        (content, moddate, regdate, title, writer) 
    values
        (?, ?, ?, ?, ?)
Guestbook(gno=494, title=Title...193, content=Content...193, writer=User...193)
Hibernate: 
    insert 
    into
        guestbook
        (content, moddate, regdate, title, writer) 
    values
        (?, ?, ?, ?, ?)
Guestbook(gno=495, title=Title...194, content=Content...194, writer=User...194)
Hibernate: 
    insert 
    into
        guestbook
        (content, moddate, regdate, title, writer) 
    values
        (?, ?, ?, ?, ?)
Guestbook(gno=496, title=Title...195, content=Content...195, writer=User...195)
Hibernate: 
    insert 
    into
        guestbook
        (content, moddate, regdate, title, writer) 
    values
        (?, ?, ?, ?, ?)
Guestbook(gno=497, title=Title...196, content=Content...196, writer=User...196)
Hibernate: 
    insert 
    into
        guestbook
        (content, moddate, regdate, title, writer) 
    values
        (?, ?, ?, ?, ?)
Guestbook(gno=498, title=Title...197, content=Content...197, writer=User...197)
Hibernate: 
    insert 
    into
        guestbook
        (content, moddate, regdate, title, writer) 
    values
        (?, ?, ?, ?, ?)
Guestbook(gno=499, title=Title...198, content=Content...198, writer=User...198)
Hibernate: 
    insert 
    into
        guestbook
        (content, moddate, regdate, title, writer) 
    values
        (?, ?, ?, ?, ?)
Guestbook(gno=500, title=Title...199, content=Content...199, writer=User...199)
Hibernate: 
    insert 
    into
        guestbook
        (content, moddate, regdate, title, writer) 
    values
        (?, ?, ?, ?, ?)
Guestbook(gno=501, title=Title...200, content=Content...200, writer=User...200)
Hibernate: 
    insert 
    into
        guestbook
        (content, moddate, regdate, title, writer) 
    values
        (?, ?, ?, ?, ?)
Guestbook(gno=502, title=Title...201, content=Content...201, writer=User...201)
Hibernate: 
    insert 
    into
        guestbook
        (content, moddate, regdate, title, writer) 
    values
        (?, ?, ?, ?, ?)
Guestbook(gno=503, title=Title...202, content=Content...202, writer=User...202)
Hibernate: 
    insert 
    into
        guestbook
        (content, moddate, regdate, title, writer) 
    values
        (?, ?, ?, ?, ?)
Guestbook(gno=504, title=Title...203, content=Content...203, writer=User...203)
Hibernate: 
    insert 
    into
        guestbook
        (content, moddate, regdate, title, writer) 
    values
        (?, ?, ?, ?, ?)
Guestbook(gno=505, title=Title...204, content=Content...204, writer=User...204)
Hibernate: 
    insert 
    into
        guestbook
        (content, moddate, regdate, title, writer) 
    values
        (?, ?, ?, ?, ?)
Guestbook(gno=506, title=Title...205, content=Content...205, writer=User...205)
Hibernate: 
    insert 
    into
        guestbook
        (content, moddate, regdate, title, writer) 
    values
        (?, ?, ?, ?, ?)
Guestbook(gno=507, title=Title...206, content=Content...206, writer=User...206)
Hibernate: 
    insert 
    into
        guestbook
        (content, moddate, regdate, title, writer) 
    values
        (?, ?, ?, ?, ?)
Guestbook(gno=508, title=Title...207, content=Content...207, writer=User...207)
Hibernate: 
    insert 
    into
        guestbook
        (content, moddate, regdate, title, writer) 
    values
        (?, ?, ?, ?, ?)
Guestbook(gno=509, title=Title...208, content=Content...208, writer=User...208)
Hibernate: 
    insert 
    into
        guestbook
        (content, moddate, regdate, title, writer) 
    values
        (?, ?, ?, ?, ?)
Guestbook(gno=510, title=Title...209, content=Content...209, writer=User...209)
Hibernate: 
    insert 
    into
        guestbook
        (content, moddate, regdate, title, writer) 
    values
        (?, ?, ?, ?, ?)
Guestbook(gno=511, title=Title...210, content=Content...210, writer=User...210)
Hibernate: 
    insert 
    into
        guestbook
        (content, moddate, regdate, title, writer) 
    values
        (?, ?, ?, ?, ?)
Guestbook(gno=512, title=Title...211, content=Content...211, writer=User...211)
Hibernate: 
    insert 
    into
        guestbook
        (content, moddate, regdate, title, writer) 
    values
        (?, ?, ?, ?, ?)
Guestbook(gno=513, title=Title...212, content=Content...212, writer=User...212)
Hibernate: 
    insert 
    into
        guestbook
        (content, moddate, regdate, title, writer) 
    values
        (?, ?, ?, ?, ?)
Guestbook(gno=514, title=Title...213, content=Content...213, writer=User...213)
Hibernate: 
    insert 
    into
        guestbook
        (content, moddate, regdate, title, writer) 
    values
        (?, ?, ?, ?, ?)
Guestbook(gno=515, title=Title...214, content=Content...214, writer=User...214)
Hibernate: 
    insert 
    into
        guestbook
        (content, moddate, regdate, title, writer) 
    values
        (?, ?, ?, ?, ?)
Guestbook(gno=516, title=Title...215, content=Content...215, writer=User...215)
Hibernate: 
    insert 
    into
        guestbook
        (content, moddate, regdate, title, writer) 
    values
        (?, ?, ?, ?, ?)
Guestbook(gno=517, title=Title...216, content=Content...216, writer=User...216)
Hibernate: 
    insert 
    into
        guestbook
        (content, moddate, regdate, title, writer) 
    values
        (?, ?, ?, ?, ?)
Guestbook(gno=518, title=Title...217, content=Content...217, writer=User...217)
Hibernate: 
    insert 
    into
        guestbook
        (content, moddate, regdate, title, writer) 
    values
        (?, ?, ?, ?, ?)
Guestbook(gno=519, title=Title...218, content=Content...218, writer=User...218)
Hibernate: 
    insert 
    into
        guestbook
        (content, moddate, regdate, title, writer) 
    values
        (?, ?, ?, ?, ?)
Guestbook(gno=520, title=Title...219, content=Content...219, writer=User...219)
Hibernate: 
    insert 
    into
        guestbook
        (content, moddate, regdate, title, writer) 
    values
        (?, ?, ?, ?, ?)
Guestbook(gno=521, title=Title...220, content=Content...220, writer=User...220)
Hibernate: 
    insert 
    into
        guestbook
        (content, moddate, regdate, title, writer) 
    values
        (?, ?, ?, ?, ?)
Guestbook(gno=522, title=Title...221, content=Content...221, writer=User...221)
Hibernate: 
    insert 
    into
        guestbook
        (content, moddate, regdate, title, writer) 
    values
        (?, ?, ?, ?, ?)
Guestbook(gno=523, title=Title...222, content=Content...222, writer=User...222)
Hibernate: 
    insert 
    into
        guestbook
        (content, moddate, regdate, title, writer) 
    values
        (?, ?, ?, ?, ?)
Guestbook(gno=524, title=Title...223, content=Content...223, writer=User...223)
Hibernate: 
    insert 
    into
        guestbook
        (content, moddate, regdate, title, writer) 
    values
        (?, ?, ?, ?, ?)
Guestbook(gno=525, title=Title...224, content=Content...224, writer=User...224)
Hibernate: 
    insert 
    into
        guestbook
        (content, moddate, regdate, title, writer) 
    values
        (?, ?, ?, ?, ?)
Guestbook(gno=526, title=Title...225, content=Content...225, writer=User...225)
Hibernate: 
    insert 
    into
        guestbook
        (content, moddate, regdate, title, writer) 
    values
        (?, ?, ?, ?, ?)
Guestbook(gno=527, title=Title...226, content=Content...226, writer=User...226)
Hibernate: 
    insert 
    into
        guestbook
        (content, moddate, regdate, title, writer) 
    values
        (?, ?, ?, ?, ?)
Guestbook(gno=528, title=Title...227, content=Content...227, writer=User...227)
Hibernate: 
    insert 
    into
        guestbook
        (content, moddate, regdate, title, writer) 
    values
        (?, ?, ?, ?, ?)
Guestbook(gno=529, title=Title...228, content=Content...228, writer=User...228)
Hibernate: 
    insert 
    into
        guestbook
        (content, moddate, regdate, title, writer) 
    values
        (?, ?, ?, ?, ?)
Guestbook(gno=530, title=Title...229, content=Content...229, writer=User...229)
Hibernate: 
    insert 
    into
        guestbook
        (content, moddate, regdate, title, writer) 
    values
        (?, ?, ?, ?, ?)
Guestbook(gno=531, title=Title...230, content=Content...230, writer=User...230)
Hibernate: 
    insert 
    into
        guestbook
        (content, moddate, regdate, title, writer) 
    values
        (?, ?, ?, ?, ?)
Guestbook(gno=532, title=Title...231, content=Content...231, writer=User...231)
Hibernate: 
    insert 
    into
        guestbook
        (content, moddate, regdate, title, writer) 
    values
        (?, ?, ?, ?, ?)
Guestbook(gno=533, title=Title...232, content=Content...232, writer=User...232)
Hibernate: 
    insert 
    into
        guestbook
        (content, moddate, regdate, title, writer) 
    values
        (?, ?, ?, ?, ?)
Guestbook(gno=534, title=Title...233, content=Content...233, writer=User...233)
Hibernate: 
    insert 
    into
        guestbook
        (content, moddate, regdate, title, writer) 
    values
        (?, ?, ?, ?, ?)
Guestbook(gno=535, title=Title...234, content=Content...234, writer=User...234)
Hibernate: 
    insert 
    into
        guestbook
        (content, moddate, regdate, title, writer) 
    values
        (?, ?, ?, ?, ?)
Guestbook(gno=536, title=Title...235, content=Content...235, writer=User...235)
Hibernate: 
    insert 
    into
        guestbook
        (content, moddate, regdate, title, writer) 
    values
        (?, ?, ?, ?, ?)
Guestbook(gno=537, title=Title...236, content=Content...236, writer=User...236)
Hibernate: 
    insert 
    into
        guestbook
        (content, moddate, regdate, title, writer) 
    values
        (?, ?, ?, ?, ?)
Guestbook(gno=538, title=Title...237, content=Content...237, writer=User...237)
Hibernate: 
    insert 
    into
        guestbook
        (content, moddate, regdate, title, writer) 
    values
        (?, ?, ?, ?, ?)
Guestbook(gno=539, title=Title...238, content=Content...238, writer=User...238)
Hibernate: 
    insert 
    into
        guestbook
        (content, moddate, regdate, title, writer) 
    values
        (?, ?, ?, ?, ?)
Guestbook(gno=540, title=Title...239, content=Content...239, writer=User...239)
Hibernate: 
    insert 
    into
        guestbook
        (content, moddate, regdate, title, writer) 
    values
        (?, ?, ?, ?, ?)
Guestbook(gno=541, title=Title...240, content=Content...240, writer=User...240)
Hibernate: 
    insert 
    into
        guestbook
        (content, moddate, regdate, title, writer) 
    values
        (?, ?, ?, ?, ?)
Guestbook(gno=542, title=Title...241, content=Content...241, writer=User...241)
Hibernate: 
    insert 
    into
        guestbook
        (content, moddate, regdate, title, writer) 
    values
        (?, ?, ?, ?, ?)
Guestbook(gno=543, title=Title...242, content=Content...242, writer=User...242)
Hibernate: 
    insert 
    into
        guestbook
        (content, moddate, regdate, title, writer) 
    values
        (?, ?, ?, ?, ?)
Guestbook(gno=544, title=Title...243, content=Content...243, writer=User...243)
Hibernate: 
    insert 
    into
        guestbook
        (content, moddate, regdate, title, writer) 
    values
        (?, ?, ?, ?, ?)
Guestbook(gno=545, title=Title...244, content=Content...244, writer=User...244)
Hibernate: 
    insert 
    into
        guestbook
        (content, moddate, regdate, title, writer) 
    values
        (?, ?, ?, ?, ?)
Guestbook(gno=546, title=Title...245, content=Content...245, writer=User...245)
Hibernate: 
    insert 
    into
        guestbook
        (content, moddate, regdate, title, writer) 
    values
        (?, ?, ?, ?, ?)
Guestbook(gno=547, title=Title...246, content=Content...246, writer=User...246)
Hibernate: 
    insert 
    into
        guestbook
        (content, moddate, regdate, title, writer) 
    values
        (?, ?, ?, ?, ?)
Guestbook(gno=548, title=Title...247, content=Content...247, writer=User...247)
Hibernate: 
    insert 
    into
        guestbook
        (content, moddate, regdate, title, writer) 
    values
        (?, ?, ?, ?, ?)
Guestbook(gno=549, title=Title...248, content=Content...248, writer=User...248)
Hibernate: 
    insert 
    into
        guestbook
        (content, moddate, regdate, title, writer) 
    values
        (?, ?, ?, ?, ?)
Guestbook(gno=550, title=Title...249, content=Content...249, writer=User...249)
Hibernate: 
    insert 
    into
        guestbook
        (content, moddate, regdate, title, writer) 
    values
        (?, ?, ?, ?, ?)
Guestbook(gno=551, title=Title...250, content=Content...250, writer=User...250)
Hibernate: 
    insert 
    into
        guestbook
        (content, moddate, regdate, title, writer) 
    values
        (?, ?, ?, ?, ?)
Guestbook(gno=552, title=Title...251, content=Content...251, writer=User...251)
Hibernate: 
    insert 
    into
        guestbook
        (content, moddate, regdate, title, writer) 
    values
        (?, ?, ?, ?, ?)
Guestbook(gno=553, title=Title...252, content=Content...252, writer=User...252)
Hibernate: 
    insert 
    into
        guestbook
        (content, moddate, regdate, title, writer) 
    values
        (?, ?, ?, ?, ?)
Guestbook(gno=554, title=Title...253, content=Content...253, writer=User...253)
Hibernate: 
    insert 
    into
        guestbook
        (content, moddate, regdate, title, writer) 
    values
        (?, ?, ?, ?, ?)
Guestbook(gno=555, title=Title...254, content=Content...254, writer=User...254)
Hibernate: 
    insert 
    into
        guestbook
        (content, moddate, regdate, title, writer) 
    values
        (?, ?, ?, ?, ?)
Guestbook(gno=556, title=Title...255, content=Content...255, writer=User...255)
Hibernate: 
    insert 
    into
        guestbook
        (content, moddate, regdate, title, writer) 
    values
        (?, ?, ?, ?, ?)
Guestbook(gno=557, title=Title...256, content=Content...256, writer=User...256)
Hibernate: 
    insert 
    into
        guestbook
        (content, moddate, regdate, title, writer) 
    values
        (?, ?, ?, ?, ?)
Guestbook(gno=558, title=Title...257, content=Content...257, writer=User...257)
Hibernate: 
    insert 
    into
        guestbook
        (content, moddate, regdate, title, writer) 
    values
        (?, ?, ?, ?, ?)
Guestbook(gno=559, title=Title...258, content=Content...258, writer=User...258)
Hibernate: 
    insert 
    into
        guestbook
        (content, moddate, regdate, title, writer) 
    values
        (?, ?, ?, ?, ?)
Guestbook(gno=560, title=Title...259, content=Content...259, writer=User...259)
Hibernate: 
    insert 
    into
        guestbook
        (content, moddate, regdate, title, writer) 
    values
        (?, ?, ?, ?, ?)
Guestbook(gno=561, title=Title...260, content=Content...260, writer=User...260)
Hibernate: 
    insert 
    into
        guestbook
        (content, moddate, regdate, title, writer) 
    values
        (?, ?, ?, ?, ?)
Guestbook(gno=562, title=Title...261, content=Content...261, writer=User...261)
Hibernate: 
    insert 
    into
        guestbook
        (content, moddate, regdate, title, writer) 
    values
        (?, ?, ?, ?, ?)
Guestbook(gno=563, title=Title...262, content=Content...262, writer=User...262)
Hibernate: 
    insert 
    into
        guestbook
        (content, moddate, regdate, title, writer) 
    values
        (?, ?, ?, ?, ?)
Guestbook(gno=564, title=Title...263, content=Content...263, writer=User...263)
Hibernate: 
    insert 
    into
        guestbook
        (content, moddate, regdate, title, writer) 
    values
        (?, ?, ?, ?, ?)
Guestbook(gno=565, title=Title...264, content=Content...264, writer=User...264)
Hibernate: 
    insert 
    into
        guestbook
        (content, moddate, regdate, title, writer) 
    values
        (?, ?, ?, ?, ?)
Guestbook(gno=566, title=Title...265, content=Content...265, writer=User...265)
Hibernate: 
    insert 
    into
        guestbook
        (content, moddate, regdate, title, writer) 
    values
        (?, ?, ?, ?, ?)
Guestbook(gno=567, title=Title...266, content=Content...266, writer=User...266)
Hibernate: 
    insert 
    into
        guestbook
        (content, moddate, regdate, title, writer) 
    values
        (?, ?, ?, ?, ?)
Guestbook(gno=568, title=Title...267, content=Content...267, writer=User...267)
Hibernate: 
    insert 
    into
        guestbook
        (content, moddate, regdate, title, writer) 
    values
        (?, ?, ?, ?, ?)
Guestbook(gno=569, title=Title...268, content=Content...268, writer=User...268)
Hibernate: 
    insert 
    into
        guestbook
        (content, moddate, regdate, title, writer) 
    values
        (?, ?, ?, ?, ?)
Guestbook(gno=570, title=Title...269, content=Content...269, writer=User...269)
Hibernate: 
    insert 
    into
        guestbook
        (content, moddate, regdate, title, writer) 
    values
        (?, ?, ?, ?, ?)
Guestbook(gno=571, title=Title...270, content=Content...270, writer=User...270)
Hibernate: 
    insert 
    into
        guestbook
        (content, moddate, regdate, title, writer) 
    values
        (?, ?, ?, ?, ?)
Guestbook(gno=572, title=Title...271, content=Content...271, writer=User...271)
Hibernate: 
    insert 
    into
        guestbook
        (content, moddate, regdate, title, writer) 
    values
        (?, ?, ?, ?, ?)
Guestbook(gno=573, title=Title...272, content=Content...272, writer=User...272)
Hibernate: 
    insert 
    into
        guestbook
        (content, moddate, regdate, title, writer) 
    values
        (?, ?, ?, ?, ?)
Guestbook(gno=574, title=Title...273, content=Content...273, writer=User...273)
Hibernate: 
    insert 
    into
        guestbook
        (content, moddate, regdate, title, writer) 
    values
        (?, ?, ?, ?, ?)
Guestbook(gno=575, title=Title...274, content=Content...274, writer=User...274)
Hibernate: 
    insert 
    into
        guestbook
        (content, moddate, regdate, title, writer) 
    values
        (?, ?, ?, ?, ?)
Guestbook(gno=576, title=Title...275, content=Content...275, writer=User...275)
Hibernate: 
    insert 
    into
        guestbook
        (content, moddate, regdate, title, writer) 
    values
        (?, ?, ?, ?, ?)
Guestbook(gno=577, title=Title...276, content=Content...276, writer=User...276)
Hibernate: 
    insert 
    into
        guestbook
        (content, moddate, regdate, title, writer) 
    values
        (?, ?, ?, ?, ?)
Guestbook(gno=578, title=Title...277, content=Content...277, writer=User...277)
Hibernate: 
    insert 
    into
        guestbook
        (content, moddate, regdate, title, writer) 
    values
        (?, ?, ?, ?, ?)
Guestbook(gno=579, title=Title...278, content=Content...278, writer=User...278)
Hibernate: 
    insert 
    into
        guestbook
        (content, moddate, regdate, title, writer) 
    values
        (?, ?, ?, ?, ?)
Guestbook(gno=580, title=Title...279, content=Content...279, writer=User...279)
Hibernate: 
    insert 
    into
        guestbook
        (content, moddate, regdate, title, writer) 
    values
        (?, ?, ?, ?, ?)
Guestbook(gno=581, title=Title...280, content=Content...280, writer=User...280)
Hibernate: 
    insert 
    into
        guestbook
        (content, moddate, regdate, title, writer) 
    values
        (?, ?, ?, ?, ?)
Guestbook(gno=582, title=Title...281, content=Content...281, writer=User...281)
Hibernate: 
    insert 
    into
        guestbook
        (content, moddate, regdate, title, writer) 
    values
        (?, ?, ?, ?, ?)
Guestbook(gno=583, title=Title...282, content=Content...282, writer=User...282)
Hibernate: 
    insert 
    into
        guestbook
        (content, moddate, regdate, title, writer) 
    values
        (?, ?, ?, ?, ?)
Guestbook(gno=584, title=Title...283, content=Content...283, writer=User...283)
Hibernate: 
    insert 
    into
        guestbook
        (content, moddate, regdate, title, writer) 
    values
        (?, ?, ?, ?, ?)
Guestbook(gno=585, title=Title...284, content=Content...284, writer=User...284)
Hibernate: 
    insert 
    into
        guestbook
        (content, moddate, regdate, title, writer) 
    values
        (?, ?, ?, ?, ?)
Guestbook(gno=586, title=Title...285, content=Content...285, writer=User...285)
Hibernate: 
    insert 
    into
        guestbook
        (content, moddate, regdate, title, writer) 
    values
        (?, ?, ?, ?, ?)
Guestbook(gno=587, title=Title...286, content=Content...286, writer=User...286)
Hibernate: 
    insert 
    into
        guestbook
        (content, moddate, regdate, title, writer) 
    values
        (?, ?, ?, ?, ?)
Guestbook(gno=588, title=Title...287, content=Content...287, writer=User...287)
Hibernate: 
    insert 
    into
        guestbook
        (content, moddate, regdate, title, writer) 
    values
        (?, ?, ?, ?, ?)
Guestbook(gno=589, title=Title...288, content=Content...288, writer=User...288)
Hibernate: 
    insert 
    into
        guestbook
        (content, moddate, regdate, title, writer) 
    values
        (?, ?, ?, ?, ?)
Guestbook(gno=590, title=Title...289, content=Content...289, writer=User...289)
Hibernate: 
    insert 
    into
        guestbook
        (content, moddate, regdate, title, writer) 
    values
        (?, ?, ?, ?, ?)
Guestbook(gno=591, title=Title...290, content=Content...290, writer=User...290)
Hibernate: 
    insert 
    into
        guestbook
        (content, moddate, regdate, title, writer) 
    values
        (?, ?, ?, ?, ?)
Guestbook(gno=592, title=Title...291, content=Content...291, writer=User...291)
Hibernate: 
    insert 
    into
        guestbook
        (content, moddate, regdate, title, writer) 
    values
        (?, ?, ?, ?, ?)
Guestbook(gno=593, title=Title...292, content=Content...292, writer=User...292)
Hibernate: 
    insert 
    into
        guestbook
        (content, moddate, regdate, title, writer) 
    values
        (?, ?, ?, ?, ?)
Guestbook(gno=594, title=Title...293, content=Content...293, writer=User...293)
Hibernate: 
    insert 
    into
        guestbook
        (content, moddate, regdate, title, writer) 
    values
        (?, ?, ?, ?, ?)
Guestbook(gno=595, title=Title...294, content=Content...294, writer=User...294)
Hibernate: 
    insert 
    into
        guestbook
        (content, moddate, regdate, title, writer) 
    values
        (?, ?, ?, ?, ?)
Guestbook(gno=596, title=Title...295, content=Content...295, writer=User...295)
Hibernate: 
    insert 
    into
        guestbook
        (content, moddate, regdate, title, writer) 
    values
        (?, ?, ?, ?, ?)
Guestbook(gno=597, title=Title...296, content=Content...296, writer=User...296)
Hibernate: 
    insert 
    into
        guestbook
        (content, moddate, regdate, title, writer) 
    values
        (?, ?, ?, ?, ?)
Guestbook(gno=598, title=Title...297, content=Content...297, writer=User...297)
Hibernate: 
    insert 
    into
        guestbook
        (content, moddate, regdate, title, writer) 
    values
        (?, ?, ?, ?, ?)
Guestbook(gno=599, title=Title...298, content=Content...298, writer=User...298)
Hibernate: 
    insert 
    into
        guestbook
        (content, moddate, regdate, title, writer) 
    values
        (?, ?, ?, ?, ?)
Guestbook(gno=600, title=Title...299, content=Content...299, writer=User...299)
Hibernate: 
    insert 
    into
        guestbook
        (content, moddate, regdate, title, writer) 
    values
        (?, ?, ?, ?, ?)
Guestbook(gno=601, title=Title...300, content=Content...300, writer=User...300)
]]></system-out>
  <system-err><![CDATA[]]></system-err>
</testsuite>
