<?xml version="1.0" encoding="UTF-8"?>
<testsuite name="org.zerock.gestbook.repository.GuestbookRepositoryTest" tests="1" skipped="0" failures="0" errors="0" timestamp="2024-01-15T08:50:22" hostname="ChangJunui-MacBookPro.local" time="0.493">
  <properties/>
  <testcase name="testQuery1()" classname="org.zerock.gestbook.repository.GuestbookRepositoryTest" time="0.493"/>
  <system-out><![CDATA[17:50:20.627 [Test worker] INFO org.springframework.test.context.support.AnnotationConfigContextLoaderUtils -- Could not detect default configuration classes for test class [org.zerock.gestbook.repository.GuestbookRepositoryTest]: GuestbookRepositoryTest does not declare any static, non-private, non-final, nested classes annotated with @Configuration.
17:50:20.674 [Test worker] INFO org.springframework.boot.test.context.SpringBootTestContextBootstrapper -- Found @SpringBootConfiguration org.zerock.gestbook.GestbookApplication for test class org.zerock.gestbook.repository.GuestbookRepositoryTest

  .   ____          _            __ _ _
 /\\ / ___'_ __ _ _(_)_ __  __ _ \ \ \ \
( ( )\___ | '_ | '_| | '_ \/ _` | \ \ \ \
 \\/  ___)| |_)| | | | | || (_| |  ) ) ) )
  '  |____| .__|_| |_|_| |_\__, | / / / /
 =========|_|==============|___/=/_/_/_/
 :: Spring Boot ::                (v3.2.1)

2024-01-15T17:50:20.885+09:00  INFO 94237 --- [    Test worker] o.z.g.r.GuestbookRepositoryTest          : Starting GuestbookRepositoryTest using Java 17.0.8 with PID 94237 (started by ondd in /Users/ondd/Documents/Java-WorkSpace/LeanSpring-bootWithCode/gestbook)
2024-01-15T17:50:20.886+09:00  INFO 94237 --- [    Test worker] o.z.g.r.GuestbookRepositoryTest          : No active profile set, falling back to 1 default profile: "default"
2024-01-15T17:50:21.204+09:00  INFO 94237 --- [    Test worker] .s.d.r.c.RepositoryConfigurationDelegate : Bootstrapping Spring Data JPA repositories in DEFAULT mode.
2024-01-15T17:50:21.227+09:00  INFO 94237 --- [    Test worker] .s.d.r.c.RepositoryConfigurationDelegate : Finished Spring Data repository scanning in 20 ms. Found 1 JPA repository interface.
2024-01-15T17:50:21.437+09:00  INFO 94237 --- [    Test worker] o.hibernate.jpa.internal.util.LogHelper  : HHH000204: Processing PersistenceUnitInfo [name: default]
2024-01-15T17:50:21.470+09:00  INFO 94237 --- [    Test worker] org.hibernate.Version                    : HHH000412: Hibernate ORM core version 6.4.1.Final
2024-01-15T17:50:21.486+09:00  INFO 94237 --- [    Test worker] o.h.c.internal.RegionFactoryInitiator    : HHH000026: Second-level cache disabled
2024-01-15T17:50:21.656+09:00  INFO 94237 --- [    Test worker] o.s.o.j.p.SpringPersistenceUnitInfo      : No LoadTimeWeaver setup: ignoring JPA class transformer
2024-01-15T17:50:21.675+09:00  INFO 94237 --- [    Test worker] com.zaxxer.hikari.HikariDataSource       : HikariPool-1 - Starting...
2024-01-15T17:50:21.769+09:00  INFO 94237 --- [    Test worker] com.zaxxer.hikari.pool.HikariPool        : HikariPool-1 - Added connection org.mariadb.jdbc.Connection@46b5f061
2024-01-15T17:50:21.771+09:00  INFO 94237 --- [    Test worker] com.zaxxer.hikari.HikariDataSource       : HikariPool-1 - Start completed.
2024-01-15T17:50:21.808+09:00  WARN 94237 --- [    Test worker] org.hibernate.dialect.Dialect            : HHH000511: The 8.0.30 version for [org.hibernate.dialect.MariaDBDialect] is no longer supported, hence certain features may not work properly. The minimum supported version is 10.4.0. Check the community dialects project for available legacy versions.
2024-01-15T17:50:22.200+09:00  INFO 94237 --- [    Test worker] o.h.e.t.j.p.i.JtaPlatformInitiator       : HHH000489: No JTA platform available (set 'hibernate.transaction.jta.platform' to enable JTA platform integration)
2024-01-15T17:50:22.225+09:00  INFO 94237 --- [    Test worker] j.LocalContainerEntityManagerFactoryBean : Initialized JPA EntityManagerFactory for persistence unit 'default'
2024-01-15T17:50:22.322+09:00  WARN 94237 --- [    Test worker] JpaBaseConfiguration$JpaWebConfiguration : spring.jpa.open-in-view is enabled by default. Therefore, database queries may be performed during view rendering. Explicitly configure spring.jpa.open-in-view to disable this warning
2024-01-15T17:50:22.336+09:00  INFO 94237 --- [    Test worker] o.s.b.a.w.s.WelcomePageHandlerMapping    : Adding welcome page: class path resource [static/index.html]
2024-01-15T17:50:22.695+09:00  INFO 94237 --- [    Test worker] o.z.g.r.GuestbookRepositoryTest          : Started GuestbookRepositoryTest in 1.922 seconds (process running for 2.502)
Hibernate: 
    select
        g1_0.gno,
        g1_0.content,
        g1_0.moddate,
        g1_0.regdate,
        g1_0.title,
        g1_0.writer 
    from
        guestbook g1_0 
    where
        g1_0.title like ? escape '!' 
    order by
        g1_0.gno desc 
    limit
        ?, ?
Hibernate: 
    select
        count(g1_0.gno) 
    from
        guestbook g1_0 
    where
        g1_0.title like ? escape '!'
Guestbook(gno=291, title=Title...291, content=Content...291, writer=User...291)
Guestbook(gno=281, title=Title...281, content=Content...281, writer=User...281)
Guestbook(gno=271, title=Title...271, content=Content...271, writer=User...271)
Guestbook(gno=261, title=Title...261, content=Content...261, writer=User...261)
Guestbook(gno=251, title=Title...251, content=Content...251, writer=User...251)
Guestbook(gno=241, title=Title...241, content=Content...241, writer=User...241)
Guestbook(gno=231, title=Title...231, content=Content...231, writer=User...231)
Guestbook(gno=221, title=Title...221, content=Content...221, writer=User...221)
Guestbook(gno=219, title=Title...219, content=Content...219, writer=User...219)
Guestbook(gno=218, title=Title...218, content=Content...218, writer=User...218)
]]></system-out>
  <system-err><![CDATA[]]></system-err>
</testsuite>
