<?xml version="1.0" encoding="UTF-8"?>
<testsuite name="org.zerock.gestbook.service.GuestbookServiceTests" tests="1" skipped="0" failures="0" errors="0" timestamp="2024-01-16T06:27:13" hostname="ChangJunui-MacBookPro.local" time="0.364">
  <properties/>
  <testcase name="testRegister()" classname="org.zerock.gestbook.service.GuestbookServiceTests" time="0.364"/>
  <system-out><![CDATA[15:27:11.382 [Test worker] INFO org.springframework.test.context.support.AnnotationConfigContextLoaderUtils -- Could not detect default configuration classes for test class [org.zerock.gestbook.service.GuestbookServiceTests]: GuestbookServiceTests does not declare any static, non-private, non-final, nested classes annotated with @Configuration.
15:27:11.438 [Test worker] INFO org.springframework.boot.test.context.SpringBootTestContextBootstrapper -- Found @SpringBootConfiguration org.zerock.gestbook.GestbookApplication for test class org.zerock.gestbook.service.GuestbookServiceTests

  .   ____          _            __ _ _
 /\\ / ___'_ __ _ _(_)_ __  __ _ \ \ \ \
( ( )\___ | '_ | '_| | '_ \/ _` | \ \ \ \
 \\/  ___)| |_)| | | | | || (_| |  ) ) ) )
  '  |____| .__|_| |_|_| |_\__, | / / / /
 =========|_|==============|___/=/_/_/_/
 :: Spring Boot ::                (v3.2.1)

2024-01-16T15:27:11.656+09:00  INFO 9751 --- [    Test worker] o.z.g.service.GuestbookServiceTests      : Starting GuestbookServiceTests using Java 17.0.8 with PID 9751 (started by ondd in /Users/ondd/Documents/Java-WorkSpace/LeanSpring-bootWithCode/gestbook)
2024-01-16T15:27:11.657+09:00  INFO 9751 --- [    Test worker] o.z.g.service.GuestbookServiceTests      : No active profile set, falling back to 1 default profile: "default"
2024-01-16T15:27:12.002+09:00  INFO 9751 --- [    Test worker] .s.d.r.c.RepositoryConfigurationDelegate : Bootstrapping Spring Data JPA repositories in DEFAULT mode.
2024-01-16T15:27:12.030+09:00  INFO 9751 --- [    Test worker] .s.d.r.c.RepositoryConfigurationDelegate : Finished Spring Data repository scanning in 23 ms. Found 1 JPA repository interface.
2024-01-16T15:27:12.236+09:00  INFO 9751 --- [    Test worker] o.hibernate.jpa.internal.util.LogHelper  : HHH000204: Processing PersistenceUnitInfo [name: default]
2024-01-16T15:27:12.265+09:00  INFO 9751 --- [    Test worker] org.hibernate.Version                    : HHH000412: Hibernate ORM core version 6.4.1.Final
2024-01-16T15:27:12.280+09:00  INFO 9751 --- [    Test worker] o.h.c.internal.RegionFactoryInitiator    : HHH000026: Second-level cache disabled
2024-01-16T15:27:12.386+09:00  INFO 9751 --- [    Test worker] o.s.o.j.p.SpringPersistenceUnitInfo      : No LoadTimeWeaver setup: ignoring JPA class transformer
2024-01-16T15:27:12.402+09:00  INFO 9751 --- [    Test worker] com.zaxxer.hikari.HikariDataSource       : HikariPool-1 - Starting...
2024-01-16T15:27:12.499+09:00  INFO 9751 --- [    Test worker] com.zaxxer.hikari.pool.HikariPool        : HikariPool-1 - Added connection org.mariadb.jdbc.Connection@775f15fd
2024-01-16T15:27:12.500+09:00  INFO 9751 --- [    Test worker] com.zaxxer.hikari.HikariDataSource       : HikariPool-1 - Start completed.
2024-01-16T15:27:12.522+09:00  WARN 9751 --- [    Test worker] org.hibernate.dialect.Dialect            : HHH000511: The 8.0.30 version for [org.hibernate.dialect.MariaDBDialect] is no longer supported, hence certain features may not work properly. The minimum supported version is 10.4.0. Check the community dialects project for available legacy versions.
2024-01-16T15:27:12.895+09:00  INFO 9751 --- [    Test worker] o.h.e.t.j.p.i.JtaPlatformInitiator       : HHH000489: No JTA platform available (set 'hibernate.transaction.jta.platform' to enable JTA platform integration)
2024-01-16T15:27:12.956+09:00  INFO 9751 --- [    Test worker] j.LocalContainerEntityManagerFactoryBean : Initialized JPA EntityManagerFactory for persistence unit 'default'
2024-01-16T15:27:13.211+09:00  WARN 9751 --- [    Test worker] JpaBaseConfiguration$JpaWebConfiguration : spring.jpa.open-in-view is enabled by default. Therefore, database queries may be performed during view rendering. Explicitly configure spring.jpa.open-in-view to disable this warning
2024-01-16T15:27:13.227+09:00  INFO 9751 --- [    Test worker] o.s.b.a.w.s.WelcomePageHandlerMapping    : Adding welcome page: class path resource [static/index.html]
2024-01-16T15:27:13.419+09:00  INFO 9751 --- [    Test worker] o.z.g.service.GuestbookServiceTests      : Started GuestbookServiceTests in 1.906 seconds (process running for 2.57)
2024-01-16T15:27:13.734+09:00  INFO 9751 --- [    Test worker] o.z.g.service.GuestbookServiceImpl       : DTO --------------------------------
2024-01-16T15:27:13.737+09:00  INFO 9751 --- [    Test worker] o.z.g.service.GuestbookServiceImpl       : GuestbookDTO(gno=null, title=Sample Title..., content=Sample content..., writer=user0, regDate=null, modDate=null)
2024-01-16T15:27:13.738+09:00  INFO 9751 --- [    Test worker] o.z.g.service.GuestbookServiceImpl       : Guestbook(gno=null, title=Sample Title..., content=Sample content..., writer=user0)
Hibernate: 
    insert 
    into
        guestbook
        (content, moddate, regdate, title, writer) 
    values
        (?, ?, ?, ?, ?)
301
]]></system-out>
  <system-err><![CDATA[]]></system-err>
</testsuite>
